
@----------------------------------------------------------@
|        PLINK!       |     v1.07      |   10/Aug/2009     |
|----------------------------------------------------------|
|  (C) 2009 Shaun Purcell, GNU General Public License, v2  |
|----------------------------------------------------------|
|  For documentation, citation & bug-report instructions:  |
|        http://pngu.mgh.harvard.edu/purcell/plink/        |
@----------------------------------------------------------@

Web-based version check ( --noweb to skip )
Connecting to web... Problem connecting to web

Writing this text to log file [ BEB.log ]
Analysis started: Thu Jul  7 12:13:43 2022

Options in effect:
	--bfile BEB
	--freq
	--out BEB

Reading map (extended format) from [ BEB.bim ] 
21423 markers to be included from [ BEB.bim ]
Reading pedigree information from [ BEB.fam ] 
110 individuals read from [ BEB.fam ] 
0 individuals with nonmissing phenotypes
Assuming a disease phenotype (1=unaff, 2=aff, 0=miss)
Missing phenotype value is also -9
0 cases, 0 controls and 110 missing
0 males, 0 females, and 110 of unspecified sex
Warning, found 110 individuals with ambiguous sex codes
These individuals will be set to missing ( or use --allow-no-sex )
Writing list of these individuals to [ BEB.nosex ]
Reading genotype bitfile from [ BEB.bed ] 
Detected that binary PED file is v1.00 SNP-major mode
Before frequency and genotyping pruning, there are 21423 SNPs
110 founders and 0 non-founders found
Writing allele frequencies (founders-only) to [ BEB.frq ] 

Analysis finished: Thu Jul  7 12:13:43 2022

